0:100  0:100  MemLog inited, TSC freq: 3194520000
0:100  0:000  CPU was calibrated with RTC
0:100  0:000  
0:100  0:000  Now is 13.10.2019,  23:27:36 (GMT)
0:100  0:000  Starting Clover revision: 5095 (master, commit 60bde0db) on American Megatrends EFI
0:100  0:000  Build with: [Args: -D NO_GRUB_DRIVERS_EMBEDDED -t GCC53 | -D NO_GRUB_DRIVERS_EMBEDDED --conf=/Users/sergey/src/CloverHackyColor/Conf -D USE_LOW_EBDA -a X64 -b RELEASE -t GCC53 -n 5 | OS: 10.14.6]
0:100  0:000  SelfDevicePath=PciRoot(0x0)\Pci(0x1,0x1)\Pci(0x0,0x0)\NVMe(0x1,81-A4-BB-44-8B-44-1B-00)\HD(1,GPT,A8DC4EE2-F44C-419F-93FB-F8B532DA1D85,0x28,0x64000) @D706E998
0:100  0:000  SelfDirPath = \EFI\BOOT
0:100  0:000  SimpleTextEx Status=Success
0:100  0:000  === [ Get Smbios ] ========================================
0:100  0:000  Type 16 Index = 0
0:100  0:000  Total Memory Slots Count = 4
0:100  0:000  Type 17 Index = 0
0:100  0:000  Table has error information, checking
0:100  0:000  Found memory information in table 18/1, type=0x3, operation=0x2 syndrome=0x0
0:100  0:000  ...memory OK
0:100  0:000  SmbiosTable.Type17->Speed = 2133MHz
0:100  0:000  SmbiosTable.Type17->Size = 16384MB
0:100  0:000  SmbiosTable.Type17->Bank/Device = BANK 0 DIMM_A1
0:100  0:000  SmbiosTable.Type17->Vendor = Corsair
0:100  0:000  SmbiosTable.Type17->SerialNumber = 00000000
0:100  0:000  SmbiosTable.Type17->PartNumber = CMW32GX4M2C3200C16  
0:100  0:000  Type 17 Index = 1
0:100  0:000  Table has error information, checking
0:100  0:000  Found memory information in table 18/2, type=0x3, operation=0x2 syndrome=0x0
0:100  0:000  ...memory OK
0:100  0:000  SmbiosTable.Type17->Speed = 2133MHz
0:100  0:000  SmbiosTable.Type17->Size = 16384MB
0:100  0:000  SmbiosTable.Type17->Bank/Device = BANK 1 DIMM_A2
0:100  0:000  SmbiosTable.Type17->Vendor = Corsair
0:100  0:000  SmbiosTable.Type17->SerialNumber = 00000000
0:100  0:000  SmbiosTable.Type17->PartNumber = CMW32GX4M2C3200C16  
0:100  0:000  Type 17 Index = 2
0:100  0:000  Table has error information, checking
0:100  0:000  Found memory information in table 18/3, type=0x3, operation=0x2 syndrome=0x0
0:100  0:000  ...memory OK
0:100  0:000  SmbiosTable.Type17->Speed = 2133MHz
0:100  0:000  SmbiosTable.Type17->Size = 16384MB
0:100  0:000  SmbiosTable.Type17->Bank/Device = BANK 2 DIMM_B1
0:100  0:000  SmbiosTable.Type17->Vendor = Corsair
0:100  0:000  SmbiosTable.Type17->SerialNumber = 00000000
0:100  0:000  SmbiosTable.Type17->PartNumber = CMW32GX4M2C3200C16  
0:100  0:000  Type 17 Index = 3
0:100  0:000  Table has error information, checking
0:100  0:000  Found memory information in table 18/4, type=0x3, operation=0x2 syndrome=0x0
0:100  0:000  ...memory OK
0:100  0:000  SmbiosTable.Type17->Speed = 2133MHz
0:100  0:000  SmbiosTable.Type17->Size = 16384MB
0:100  0:000  SmbiosTable.Type17->Bank/Device = BANK 3 DIMM_B2
0:100  0:000  SmbiosTable.Type17->Vendor = Corsair
0:100  0:000  SmbiosTable.Type17->SerialNumber = 00000000
0:100  0:000  SmbiosTable.Type17->PartNumber = CMW32GX4M2C3200C16  
0:100  0:000  Boot status=0
0:100  0:000  Running on: 'System Product Name' with board 'ROG STRIX X470-F GAMING'
0:100  0:000  === [ GetCPUProperties ] ==================================
0:100  0:000  CPU Vendor = 68747541 Model=800F82
0:100  0:000   The CPU supported SSE4.1
0:100  0:000  BrandString = AMD Ryzen 7 2700 Eight-Core Processor          
0:100  0:000  	Looking to disable C1E if is already enabled by the BIOS:
0:100  0:000  CurrentSpeed: 3200
0:100  0:000  maxratio 64
0:100  0:000  cpudid_zen 8
0:100  0:000  FSBFrequency = 50 MHz, DMI FSBFrequency = 100 MHz, Corrected FSBFrequency = 100 MHz
0:100  0:000  MaxDiv/MinDiv: 32.0/14
0:100  0:000  Turbo: 0/0/0/0
0:100  0:000  Features: 0x178BFBFF
0:100  0:000  Threads: 16
0:100  0:000  Cores: 8
0:100  0:000  FSB: 100 MHz
0:100  0:000  CPU: 3200 MHz
0:100  0:000  TSC: 3200 MHz
0:100  0:000  PIS: 100 MHz
0:100  0:000  ExternalClock: 25 MHz
0:100  0:000  === [ GetDevices ] ========================================
0:100  0:000  GOP found at: PciRoot(0x0)/Pci(0x3,0x2)/Pci(0x0,0x0)/AcpiAdr(0x80010300)
0:100  0:000  PCI (00|00:00.00) : 1022 1450 class=060000
0:100  0:000  PCI (00|00:01.00) : 1022 1452 class=060000
0:100  0:000  PCI (00|00:01.01) : 1022 1453 class=060400
0:100  0:000  PCI (00|01:00.00) : 15B7 5002 class=010802
0:100  0:000  PCI (00|00:01.03) : 1022 1453 class=060400
0:100  0:000  PCI (00|02:00.00) : 1022 43D0 class=0C0330
0:100  0:000  PCI (00|02:00.01) : 1022 43C8 class=010601
0:100  0:000  PCI (00|02:00.02) : 1022 43C6 class=060400
0:100  0:000  PCI (00|03:00.00) : 1022 43C7 class=060400
0:100  0:000  PCI (00|03:04.00) : 1022 43C7 class=060400
0:100  0:000  PCI (00|05:00.00) : 1B21 1242 class=0C0330
0:100  0:000  PCI (00|03:06.00) : 1022 43C7 class=060400
0:100  0:000  PCI (00|06:00.00) : 14E4 43A0 class=028000
0:100  0:000   - WIFI: Vendor=Broadcom
0:100  0:000  PCI (00|03:07.00) : 1022 43C7 class=060400
0:100  0:000  PCI (00|07:00.00) : 8086 1539 class=020000
0:100  0:000   - LAN: 0 Vendor=Intel
0:100  0:000  PCI (00|03:09.00) : 1022 43C7 class=060400
0:100  0:000  PCI (00|08:00.00) : 15B7 5002 class=010802
0:100  0:000  PCI (00|00:02.00) : 1022 1452 class=060000
0:100  0:000  PCI (00|00:03.00) : 1022 1452 class=060000
0:100  0:000  PCI (00|00:03.02) : 1022 1453 class=060400
0:100  0:000  PCI (00|09:00.00) : 1002 67DF class=030000
0:100  0:000   - GOP: Provided by device
0:100  0:000   - GFX: Model=AMD Radeon RX 480 (ATI/AMD)
0:101  0:000  PCI (00|09:00.01) : 1002 AAF0 class=040300
0:101  0:000   - HDMI Audio: 
0:101  0:000  PCI (00|00:04.00) : 1022 1452 class=060000
0:101  0:000  PCI (00|00:07.00) : 1022 1452 class=060000
0:101  0:000  PCI (00|00:07.01) : 1022 1454 class=060400
0:101  0:000  PCI (00|0A:00.00) : 1022 145A class=130000
0:101  0:000  PCI (00|0A:00.02) : 1022 1456 class=108000
0:101  0:000  PCI (00|0A:00.03) : 1022 145F class=0C0330
0:101  0:000  PCI (00|00:08.00) : 1022 1452 class=060000
0:101  0:000  PCI (00|00:08.01) : 1022 1454 class=060400
0:101  0:000  PCI (00|0B:00.00) : 1022 1455 class=130000
0:101  0:000  PCI (00|0B:00.02) : 1022 7901 class=010601
0:101  0:000  PCI (00|0B:00.03) : 1022 1457 class=040300
0:101  0:000  PCI (00|00:14.00) : 1022 790B class=0C0500
0:101  0:000  PCI (00|00:14.03) : 1022 790E class=060100
0:101  0:000  PCI (00|00:18.00) : 1022 1460 class=060000
0:101  0:000  PCI (00|00:18.01) : 1022 1461 class=060000
0:101  0:000  PCI (00|00:18.02) : 1022 1462 class=060000
0:101  0:000  PCI (00|00:18.03) : 1022 1463 class=060000
0:101  0:000  PCI (00|00:18.04) : 1022 1464 class=060000
0:101  0:000  PCI (00|00:18.05) : 1022 1465 class=060000
0:101  0:000  PCI (00|00:18.06) : 1022 1466 class=060000
0:101  0:000  PCI (00|00:18.07) : 1022 1467 class=060000
0:101  0:000  === [ GetDefaultSettings ] ================================
0:101  0:000  Clover load options size = 0 bytes
0:108  0:006  EFI\CLOVER\config.plist loaded: Success
0:108  0:000  === [ GetListOfThemes ] ===================================
0:108  0:000  - [00]: OlarilaAnimation
0:109  0:000  === [ Found config plists ] ===============================
0:109  0:000  - config.plist
0:109  0:000  === [ GetEarlyUserSettings ] ==============================
0:109  0:000  timeout set to 1
0:109  0:000  Custom boot CUSTOM_BOOT_DISABLED (0x0)
0:109  0:000  KextsToPatch: 9 requested
0:109  0:000   - [00]: com.apple.driver.AppleAHCIPort (External icons patch) :: MatchOS: 10.13.x,10.14.x,10.15.x :: BinPatch :: data len: 8
0:109  0:000   - [01]: com.apple.driver.AppleHDA (AppleHDA Patch Assertions) :: MatchOS: 10.13.x,10.14.x,10.15.x :: BinPatch :: data len: 16
0:109  0:000   - [02]: com.apple.driver.usb.AppleUSBXHCI (USB port limit patch by PMHeart) :: MatchOS: 10.13.x :: BinPatch :: data len: 10
0:109  0:000   - [03]: com.apple.iokit.IOUSBHostFamily (USB port limit patch #1 10.14.x modify by DalianSky(credit ydeng)) :: MatchOS: 10.14.x :: BinPatch :: data len: 4
0:109  0:000   - [04]: com.apple.iokit.IOUSBHostFamily (USB port limit patch #2 10.14.x modify by DalianSky(credit PMHeart)) :: MatchOS: 10.14.x :: BinPatch :: data len: 4
0:109  0:000   - [05]: com.apple.driver.usb.AppleUSBXHCI (USB Port limit patch #3 10.14.x modify by DalianSky(credits PMheart)) :: MatchOS: 10.14.x :: BinPatch :: data len: 4
0:109  0:000   - [06]: com.apple.driver.usb.AppleUSBXHCI (USB Port limit patch #4 10.14.x modify by DalianSky(credits PMheart)) :: MatchOS: 10.14.x :: BinPatch :: data len: 4
0:109  0:000   - [07]: com.apple.iokit.IOUSBHostFamily (USB Port limit patch #1(credits PMheart)) :: MatchOS: 10.15.x :: BinPatch :: data len: 4
0:109  0:000   - [08]: com.apple.driver.usb.AppleUSBXHCI (USB Port limit patch #2(credits PMheart)) :: MatchOS: 10.15.x :: BinPatch :: data len: 4
0:109  0:000  KernelToPatch: 54 requested
0:109  0:000   - [00]: Disable panic kext logging on 10.13.x Release kernel :: MatchOS: 10.13.x :: data len: 6
0:109  0:000   - [01]: Disable panic kext logging on 10.14.4+ Release kernel :: MatchOS: 10.14.x,10.15.x :: data len: 6
0:109  0:000   - [02]: algrey - commpage_populate -remove rdmsr :: MatchOS: 10.13.x,10.14.x,10.15.x :: data len: 7
0:109  0:000   - [03]: algrey - cpu_topology_sort -disable _x86_validate_topology :: MatchOS: 10.13.x :: data len: 6
0:109  0:000   - [04]: algrey - cpu_topology_sort -disable _x86_validate_topology (10.14.4+) :: MatchOS: 10.14.x :: data len: 5
0:109  0:000   - [05]: xlnc - cpu_topology_sort -disable _x86_validate_topology :: MatchOS: 10.15.x :: data len: 6
0:109  0:000   - [06]: algrey - cpuid_set_cache_info - cpuid 0x8000001D instead 0 :: MatchOS: 10.13.6 :: MatchBuild: 17G65,17G66 :: data len: 73
0:109  0:000   - [07]: algrey - cpuid_set_cache_info - cpuid 0x8000001D instead 0 :: MatchOS: 10.13.6 :: MatchBuild: 17G8030,17G8037 :: data len: 73
0:109  0:000   - [08]: algrey - cpuid_set_cache_info - cpuid 0x8000001D instead 0 :: MatchOS: 10.14.6 :: data len: 73
0:109  0:000   - [09]: xlnc - cpuid_set_cache_info - cpuid 0x8000001D instead 0 :: MatchOS: 10.14.6 :: MatchBuild: 18G95,18G103 :: data len: 73
0:109  0:000   - [10]: xlnc - cpuid_set_cache_info - cpuid 0x8000001D instead 0 :: MatchOS: 10.15.0 :: data len: 21
0:109  0:000   - [11]: algrey - cpuid_set_cache_info - cpuid 0x8000001D instead 4 :: MatchOS: 10.13.x,10.14.x,10.15.x :: data len: 10
0:109  0:000   - [12]: algrey - cpuid_set_cache_info - don't set cpuid_cores_per_package :: MatchOS: 10.13.x,10.14.x :: data len: 5
0:109  0:000   - [13]: xlnc - cpuid_set_cache_info - don't set cpuid_cores_per_package :: MatchOS: 10.15.x :: data len: 5
0:109  0:000   - [14]: xlnc - cpuid_set_cache_info - skip cpuid_cores_per_package test :: MatchOS: 10.15.x :: data len: 16
0:109  0:000   - [15]: algrey - cpuid_set_generic_info - remove wrmsr :: MatchOS: 10.13.x,10.14.x,10.15.x :: data len: 11
0:109  0:000   - [16]: algrey - cpuid_set_generic_info - set microcode=186 :: MatchOS: 10.13.x,10.14.x,10.15.x :: data len: 7
0:109  0:000   - [17]: algrey - cpuid_set_generic_info - set flag=1 :: MatchOS: 10.13.x,10.14.x,10.15.x :: data len: 13
0:109  0:000   - [18]: algrey - cpuid_set_generic_info - disable check to allow leaf7 :: MatchOS: 10.13.x,10.14.x,10.15.x :: data len: 4
0:109  0:000   - [19]: algrey - cpuid_set_info - GenuineIntel to AuthenticAMD  :: MatchOS: 10.13.x,10.14.x,10.15.x :: data len: 13
0:109  0:000   - [20]: algrey - cpuid_set_cpufamily - force CPUFAMILY_INTEL_PENRYN :: MatchOS: 10.13.6 :: MatchBuild: 17G65,17G66 :: data len: 11
0:109  0:000   - [21]: algrey - cpuid_set_cpufamily - force CPUFAMILY_INTEL_PENRYN :: MatchOS: 10.13.6 :: MatchBuild: 17G8030,17G8037 :: data len: 11
0:109  0:000   - [22]: algrey - cpuid_set_cpufamily - force CPUFAMILY_INTEL_PENRYN :: MatchOS: 10.14.6 :: data len: 11
0:109  0:000   - [23]: xlnc - cpuid_set_cpufamily - force CPUFAMILY_INTEL_PENRYN :: MatchOS: 10.14.6 :: MatchBuild: 18G95,18G103 :: data len: 11
0:109  0:000   - [24]: xlnc - cpuid_set_cpufamily - force CPUFAMILY_INTEL_PENRYN :: MatchOS: 10.15.0 :: data len: 11
0:109  0:000   - [25]: algrey - cpuid_set_info - ryzen cores and logicals count :: MatchOS: 10.13.6 :: MatchBuild: 17G65,17G66 :: data len: 140
0:109  0:000   - [26]: algrey - cpuid_set_info - ryzen cores and logicals count :: MatchOS: 10.13.6 :: MatchBuild: 17G8030,17G8037 :: data len: 140
0:109  0:000   - [27]: algrey - cpuid_set_info - ryzen cores and logicals count :: MatchOS: 10.14.6 :: data len: 100
0:109  0:000   - [28]: xlnc - cpuid_set_info - ryzen cores and logicals count :: MatchOS: 10.14.6 :: MatchBuild: 18G95,18G103 :: data len: 100
0:109  0:000   - [29]: xlnc - cpuid_set_info - jmp to calculations and set cpuid_cores_per_package :: MatchOS: 10.15.0 :: data len: 21
0:109  0:000   - [30]: xlnc - cpuid_set_info - cores and threads calculations :: MatchOS: 10.15.0 :: data len: 65
0:109  0:000   - [31]: algrey - i386_init - remove rdmsr (x3) :: MatchOS: 10.13.x,10.14.x,10.15.x :: data len: 42
0:109  0:000   - [32]: algrey - tsc_init - remove Penryn check to execute default case :: MatchOS: 10.13.6 :: data len: 11
0:109  0:000   - [33]: algrey - tsc_init - remove Penryn check to execute default case :: MatchOS: 10.14.6 :: data len: 11
0:109  0:000   - [34]: xlnc - tsc_init - remove Penryn check to execute default case :: MatchOS: 10.15.0 :: data len: 11
0:109  0:000   - [35]: algrey - tsc_init - grab DID and VID from MSR :: MatchOS: 10.13.6 :: MatchBuild: 17G65,17G66 :: data len: 34
0:109  0:000   - [36]: algrey - tsc_init - grab DID and VID from MSR :: MatchOS: 10.13.6 :: MatchBuild: 17G8030,17G8037 :: data len: 34
0:109  0:000   - [37]: algrey - tsc_init - grab DID and VID from MSR :: MatchOS: 10.14.6 :: data len: 34
0:109  0:000   - [38]: xlnc - tsc_init - grab DID and VID from MSR :: MatchOS: 10.14.6 :: MatchBuild: 18G95,18G103 :: data len: 34
0:109  0:000   - [39]: xlnc - tsc_init - grab DID and VID from MSR :: MatchOS: 10.15.0 :: data len: 34
0:109  0:000   - [40]: algrey - tsc_init - skip test and go get FSBFrequency :: MatchOS: 10.13.6 :: MatchBuild: 17G65,17G66 :: data len: 14
0:109  0:000   - [41]: algrey - tsc_init - skip test and go get FSBFrequency :: MatchOS: 10.13.6 :: MatchBuild: 17G8030,17G8037 :: data len: 14
0:109  0:000   - [42]: algrey - tsc_init - skip test and go get FSBFrequency :: MatchOS: 10.14.6 :: data len: 14
0:109  0:000   - [43]: xlnc - tsc_init - skip test and go get FSBFrequency :: MatchOS: 10.14.6 :: MatchBuild: 18G95,18G103 :: data len: 14
0:109  0:000   - [44]: xlnc - tsc_init - skip test and go get FSBFrequency :: MatchOS: 10.15.0 :: data len: 7
0:109  0:000   - [45]: algrey - lapic_init - remove version check and panic :: MatchOS: 10.13.x,10.14.x :: data len: 8
0:109  0:000   - [46]: xlnc - lapic_init - remove version check and panic :: MatchOS: 10.15.x :: data len: 5
0:109  0:000   - [47]: algrey - lapic_interrupt - skip checks and prevent panic :: MatchOS: 10.13.6 :: MatchBuild: 17G65,17G66 :: data len: 9
0:109  0:000   - [48]: algrey - lapic_interrupt - skip checks and prevent panic :: MatchOS: 10.13.6 :: MatchBuild: 17G8030,17G8037 :: data len: 9
0:110  0:000   - [49]: algrey - lapic_interrupt - skip checks and prevent panic :: MatchOS: 10.14.6 :: data len: 9
0:110  0:000   - [50]: xlnc - lapic_interrupt - skip checks and prevent panic :: MatchOS: 10.14.6 :: MatchBuild: 18G95,18G103 :: data len: 9
0:110  0:000   - [51]: xlnc - lapic_interrupt - skip checks and prevent panic :: MatchOS: 10.15.0 :: data len: 9
0:110  0:000   - [52]: algrey - mtrr_update_action - fix PAT :: MatchOS: 10.13.x :: data len: 19
0:110  0:000   - [53]: algrey - mtrr_update_action - fix PAT (x2) (10.14.4+) :: MatchOS: 10.14.x,10.15.x :: data len: 19
0:110  0:000  Default theme: OlarilaAnimation
0:110  0:000  Hiding entries with string Preboot
0:110  0:000  Hiding entries with string Legacy
0:110  0:000  === [ LoadDrivers ] =======================================
0:110  0:000  Loading HFSPlus.efi  status=Success
0:112  0:001   - driver needs connecting
0:112  0:000  Loading ApfsDriverLoader.efi  status=Success
0:213  0:101   - driver needs connecting
0:213  0:000  Loading AptioMemoryFix.efi  status=Success
0:315  0:102  2 drivers needs connecting ...
0:315  0:000  PlatformDriverOverrideProtocol not found. Installing ... Success
0:315  0:000  HFS+ driver loaded
0:315  0:000  APFS driver loaded
0:315  0:000  Searching for invalid DiskIo BY_DRIVER connects: not found, all ok
0:997  0:682  === [ InitScreen ] ========================================
0:997  0:000  Console modes reported: 4, available modes:
0:997  0:000   - [01]: 80x25 (current mode)
0:997  0:000   - [02]: 80x50
0:997  0:000   - [03]: 100x31
0:997  0:000   - [04]: 240x56
0:997  0:000  SetMaxResolution: found best mode 0: 1920x1080
0:997  0:000   - already set
0:997  0:000  reinit: self device path=PciRoot(0x0)\Pci(0x1,0x1)\Pci(0x0,0x0)\NVMe(0x1,81-A4-BB-44-8B-44-1B-00)\HD(1,GPT,A8DC4EE2-F44C-419F-93FB-F8B532DA1D85,0x28,0x64000)
0:998  0:000  Using embedded font: Success
0:999  0:000  === [ GetMacAddress ] =====================================
0:999  0:000   get legacy LAN MAC, 1 card found
0:999  0:000  Legacy MAC address of LAN #0= 04:D4:C4:53:D7:2C:
0:999  0:000  === [ ScanSPD ] ===========================================
0:999  0:000  === [ GetAcpiTablesList ] =================================
0:999  0:000  Get Acpi Tables List from RSDT:
0:999  0:000   - [00]: FACP  A M I  len=132
0:999  0:000   - [01]: APIC  A M I  len=350
0:999  0:000   - [02]: FPDT  A M I  len=68
0:999  0:000   - [03]: FIDT  A M I len=156
0:999  0:000   - [04]: SSDT  CPUSSDT len=252
0:999  0:000   - [05]: SSDT  AMD PT len=191
0:999  0:000   - [06]: SSDT  AMD ALIB len=35992
0:999  0:000   - [07]: SSDT  AMD AOD len=11697
0:999  0:000   - [08]: MCFG  A M I len=60
0:999  0:000   - [09]: HPET  A M I len=56
0:999  0:000   - [10]: SSDT  FCHZP len=36
0:999  0:000   - [11]: UEFI   len=66
0:999  0:000   - [12]: VFCT  A M I  len=59524
0:999  0:000   - [13]: BGRT  A M I  len=56
0:999  0:000   - [14]: SSDT  AMD CPU len=8980
0:999  0:000   - [15]: CRAT  AMD CRAT len=3920
0:999  0:000   - [16]: CDIT  AMD CDIT len=41
0:999  0:000   - [17]: SSDT  AmdTable len=7364
0:999  0:000  Calibrated TSC Frequency = 3194520000 = 3194MHz
1:000  0:000  === [ GetUserSettings ] ===================================
1:000  0:000  USB FixOwnership: no
1:000  0:000   - final DSDT Fix mask=10000000
1:000  0:000  PatchesDSDT: 1 requested
1:000  0:000   - [00]: (PNP0C09 to PNPFFFF) lenToFind: 4, lenToReplace: 4, Target Bridge: <null string>
1:000  0:000  EnableC6: no
1:000  0:000  Using ProductName from config: iMacPro1,1
1:000  0:000  Found same BiosVersion in clover and config
1:000  0:000  BiosVersion: IMP11.88Z.F000.B00.1909172024
1:000  0:000  BiosReleaseDate: 09/17/2019
1:000  0:000  Using EfiVersion from clover: 1037.0.78.0.0
1:000  0:000  Using FirmwareFeatures from config: 0xFD8FF53F
1:000  0:000  Using FirmwareFeaturesMask from config: 0xFF9FFF3F
1:000  0:000  Board-ID set from config as Mac-7BA5B2D9E42DDD94
1:000  0:000  BoardType: 0xA
1:000  0:000  ChassisType: 0x9
1:000  0:000  === [ Found DSDT tables ] =================================
1:280  0:279  === [ ScanVolumes ] =======================================
1:280  0:000  Found 12 volumes with blockIO
1:280  0:000  - [00]: Volume: PciRoot(0x0)\Pci(0x1,0x1)\Pci(0x0,0x0)\NVMe(0x1,81-A4-BB-44-8B-44-1B-00)
1:280  0:000  - [01]: Volume: PciRoot(0x0)\Pci(0x1,0x1)\Pci(0x0,0x0)\NVMe(0x1,81-A4-BB-44-8B-44-1B-00)\HD(1,GPT,A8DC4EE2-F44C-419F-93FB-F8B532DA1D85,0x28,0x64000)
1:280  0:000          Result of bootcode detection: bootable unknown (legacy)
1:280  0:000          This is SelfVolume !!
1:280  0:000  - [02]: Volume: PciRoot(0x0)\Pci(0x1,0x1)\Pci(0x0,0x0)\NVMe(0x1,81-A4-BB-44-8B-44-1B-00)\HD(2,GPT,D4F2EB22-CED5-497D-9C1D-D28053B8B27D,0x64028,0x3A321FE0)
1:280  0:000          Result of bootcode detection: bootable unknown (legacy)
1:280  0:000          hiding this volume
1:280  0:000  - [03]: Volume: PciRoot(0x0)\Pci(0x1,0x3)\Pci(0x0,0x2)\Pci(0x9,0x0)\Pci(0x0,0x0)\NVMe(0x1,D0-C0-BB-44-8B-44-1B-00)
1:280  0:000  - [04]: Volume: PciRoot(0x0)\Pci(0x1,0x3)\Pci(0x0,0x2)\Pci(0x9,0x0)\Pci(0x0,0x0)\NVMe(0x1,D0-C0-BB-44-8B-44-1B-00)\HD(1,GPT,4A01866F-1745-44A8-B0DC-B4668E93D38C,0x28,0x64000)
1:280  0:000          Result of bootcode detection: bootable unknown (legacy)
1:281  0:000  - [05]: Volume: PciRoot(0x0)\Pci(0x1,0x3)\Pci(0x0,0x2)\Pci(0x9,0x0)\Pci(0x0,0x0)\NVMe(0x1,D0-C0-BB-44-8B-44-1B-00)\HD(2,GPT,1AE5B852-E03B-4458-99F5-0EF932F58937,0x64028,0x1F618FD8)
1:281  0:000  - [06]: Volume: PciRoot(0x0)\Pci(0x1,0x3)\Pci(0x0,0x2)\Pci(0x9,0x0)\Pci(0x0,0x0)\NVMe(0x1,D0-C0-BB-44-8B-44-1B-00)\HD(3,GPT,BB76AF32-3ACB-4157-A014-87CD5DBF9340,0x1F6FD000,0x1AC49000)
1:281  0:000          Result of bootcode detection: bootable Windows (vista,win)
1:281  0:000  - [07]: Volume: PciRoot(0x0)\Pci(0x1,0x1)\Pci(0x0,0x0)\NVMe(0x1,81-A4-BB-44-8B-44-1B-00)\HD(2,GPT,D4F2EB22-CED5-497D-9C1D-D28053B8B27D,0x64028,0x3A321FE0)\VenMedia(BE74FCF7-0B7C-49F3-9147-01F4042E6842,AD17D8100BFD8B4085B6A2D635400067)
1:281  0:000          hiding this volume
1:281  0:000  - [08]: Volume: PciRoot(0x0)\Pci(0x1,0x1)\Pci(0x0,0x0)\NVMe(0x1,81-A4-BB-44-8B-44-1B-00)\HD(2,GPT,D4F2EB22-CED5-497D-9C1D-D28053B8B27D,0x64028,0x3A321FE0)\VenMedia(BE74FCF7-0B7C-49F3-9147-01F4042E6842,FA8EB63B9222263987A2E067712D8424)
1:281  0:000  - [09]: Volume: PciRoot(0x0)\Pci(0x1,0x1)\Pci(0x0,0x0)\NVMe(0x1,81-A4-BB-44-8B-44-1B-00)\HD(2,GPT,D4F2EB22-CED5-497D-9C1D-D28053B8B27D,0x64028,0x3A321FE0)\VenMedia(BE74FCF7-0B7C-49F3-9147-01F4042E6842,19896F3C7FEB104296D1E18559EFDBDB)
1:281  0:000  - [10]: Volume: PciRoot(0x0)\Pci(0x1,0x1)\Pci(0x0,0x0)\NVMe(0x1,81-A4-BB-44-8B-44-1B-00)\HD(2,GPT,D4F2EB22-CED5-497D-9C1D-D28053B8B27D,0x64028,0x3A321FE0)\VenMedia(BE74FCF7-0B7C-49F3-9147-01F4042E6842,CB8AF08151BA764DAA26F78A186676CD)
1:281  0:000  - [11]: Volume: PciRoot(0x0)\Pci(0x1,0x1)\Pci(0x0,0x0)\NVMe(0x1,81-A4-BB-44-8B-44-1B-00)\HD(2,GPT,D4F2EB22-CED5-497D-9C1D-D28053B8B27D,0x64028,0x3A321FE0)\VenMedia(BE74FCF7-0B7C-49F3-9147-01F4042E6842,C7C19D523EC05C42A02CE7D144EF3593)
1:281  0:000  No AudioIoProtocols, status=Not Found
1:281  0:000  === [ InitTheme ] =========================================
1:281  0:000  use night theme
1:289  0:007  Using theme 'OlarilaAnimation' (EFI\CLOVER\themes\OlarilaAnimation)
1:289  0:000  OS main and drive as badge
1:289  0:000  Warning! Character width 11 should be even!
1:289  0:000  file sound read: sound_night.wav Not Found
1:289  0:000  file sound read: sound.wav Not Found
1:290  0:001  Loading font from ThemeDir: Success
1:291  0:000  theme inited
1:291  0:000  Chosen theme OlarilaAnimation
1:291  0:000  found boot-args in NVRAM:kext-dev-mode=1, size=16
1:291  0:000  ...found arg:kext-dev-mode=1
1:291  0:000  ...adding arg:kext-dev-mode=1
1:291  0:000  after NVRAM boot-args=-v npci=0x2000 debug=0x100 kext-dev-mode=1 
1:292  0:000  === [ Dump SMC keys from NVRAM ] ==========================
1:292  0:000  no AppleSMC protocol
1:351  0:059  === [ ScanLoader ] ========================================
1:351  0:000  - [01]: 'EFI'
1:384  0:032          AddLoaderEntry for Volume Name=EFI
1:384  0:000          skipped because entry is hidden
1:384  0:000  - [04]: 'EFI'
1:384  0:000          AddLoaderEntry for Volume Name=EFI
1:415  0:030          AddLoaderEntry for Volume Name=EFI
1:415  0:000          skipped because entry is hidden
1:415  0:000  - [05]: 'Ryztentosh backup'
1:418  0:002          AddLoaderEntry for Volume Name=Ryztentosh backup
1:420  0:002      hibernated: set as never
1:475  0:055          AddLoaderEntry for Volume Name=Ryztentosh backup
1:475  0:000          skipped because entry is hidden
1:475  0:000  - [06]: 'Windows10'
1:502  0:026  - [07]: 'Preboot', hidden
1:502  0:000  - [08]: 'MacOS - Data'
1:529  0:027  - [09]: 'Recovery'
1:530  0:000          AddLoaderEntry for Volume Name=Recovery
1:559  0:029  - [10]: 'VM'
1:585  0:026  - [11]: 'MacOS'
1:590  0:004          AddLoaderEntry for Volume Name=MacOS
1:591  0:001      hibernated: set as never
1:619  0:028  Scanning legacy ...
1:619  0:000   6: 'Windows10' (vista,win) add legacy
1:620  0:000   added 'Boot Windows from Windows10' OSType=2 Icon=vista,win
1:620  0:000  === [ AddCustomTool ] =====================================
1:621  0:000  Checking EFI partition Volume 1 for Clover
1:621  0:000   Found Clover
1:623  0:002  === [ GetEfiBootDeviceFromNvram ] =========================
1:624  0:000   - efi-boot-device-data: PciRoot(0x0)\Pci(0x1,0x1)\Pci(0x0,0x0)\NVMe(0x1,81-A4-BB-44-8B-44-1B-00)\HD(2,GPT,D4F2EB22-CED5-497D-9C1D-D28053B8B27D,0x64028,0x3A321FE0)\VenMedia(BE74FCF7-0B7C-49F3-9147-01F4042E6842,C7C19D523EC05C42A02CE7D144EF3593)
1:624  0:000    - Volume: 'PciRoot(0x0)\Pci(0x1,0x1)\Pci(0x0,0x0)\NVMe(0x1,81-A4-BB-44-8B-44-1B-00)\HD(2,GPT,D4F2EB22-CED5-497D-9C1D-D28053B8B27D,0x64028,0x3A321FE0)\VenMedia(BE74FCF7-0B7C-49F3-9147-01F4042E6842,C7C19D523EC05C42A02CE7D144EF3593)'
1:624  0:000    - LoaderPath: '<null string>'
1:624  0:000    - Guid = D4F2EB22-CED5-497D-9C1D-D28053B8B27D
1:624  0:000  === [ FindStartupDiskVolume ] =============================
1:624  0:000    - Volume: partition = PciRoot(0x0)\Pci(0x1,0x1)\Pci(0x0,0x0)\NVMe(0x1,81-A4-BB-44-8B-44-1B-00)\HD(2,GPT,D4F2EB22-CED5-497D-9C1D-D28053B8B27D,0x64028,0x3A321FE0)\VenMedia(BE74FCF7-0B7C-49F3-9147-01F4042E6842,C7C19D523EC05C42A02CE7D144EF3593)
1:624  0:000     - searching for that partition
1:624  0:000      - found entry 3. 'Boot macOS from MacOS', Volume 'MacOS'
1:624  0:000  Boot redirected to Entry 3. 'Boot macOS from MacOS'
1:624  0:000  DefaultIndex=3 and MainMenu.EntryCount=10
1:624  0:000  Use anime=anime frames=10
1:650  0:025   found 10 frames of the anime
1:650  0:000   Anime seems OK, init it
1:650  0:000  banner file not read
2:088  0:437  GUI ready
11:068  8:980  exit from MainMenu 1
11:069  0:000  BootVariable of the entry is empty
11:069  0:000  === [ StartLoader ] =======================================
11:069  0:000  Finally: ExternalClock=25MHz BusSpeed=99829kHz CPUFreq=3195MHz PIS: hw.busfrequency=100000000Hz
11:069  0:000  Loading boot.efi  status=Success
11:077  0:007  GetOSVersion: 10.15 (19A583)
11:077  0:000  CSR_CFG: CSR_ALLOW_UNTRUSTED_KEXTS | CSR_ALLOW_UNRESTRICTED_FS | CSR_ALLOW_TASK_FOR_PID | CSR_ALLOW_UNRESTRICTED_DTRACE | CSR_ALLOW_UNRESTRICTED_NVRAM
11:077  0:000  Filtering KextPatches:
11:077  0:000   - [00]: com.apple.driver.AppleAHCIPort (External icons patch) :: BinPatch :: [OS: 10.15 | MatchOS: 10.13.x,10.14.x,10.15.x | MatchBuild: All] ==> allowed
11:077  0:000   - [01]: com.apple.driver.AppleHDA (AppleHDA Patch Assertions) :: BinPatch :: [OS: 10.15 | MatchOS: 10.13.x,10.14.x,10.15.x | MatchBuild: All] ==> allowed
11:077  0:000   - [02]: com.apple.driver.usb.AppleUSBXHCI (USB port limit patch by PMHeart) :: BinPatch :: [OS: 10.15 | MatchOS: 10.13.x | MatchBuild: All] ==> not allowed
11:077  0:000   - [03]: com.apple.iokit.IOUSBHostFamily (USB port limit patch #1 10.14.x modify by DalianSky(credit ydeng)) :: BinPatch :: [OS: 10.15 | MatchOS: 10.14.x | MatchBuild: All] ==> not allowed
11:077  0:000   - [04]: com.apple.iokit.IOUSBHostFamily (USB port limit patch #2 10.14.x modify by DalianSky(credit PMHeart)) :: BinPatch :: [OS: 10.15 | MatchOS: 10.14.x | MatchBuild: All] ==> not allowed
11:077  0:000   - [05]: com.apple.driver.usb.AppleUSBXHCI (USB Port limit patch #3 10.14.x modify by DalianSky(credits PMheart)) :: BinPatch :: [OS: 10.15 | MatchOS: 10.14.x | MatchBuild: All] ==> not allowed
11:077  0:000   - [06]: com.apple.driver.usb.AppleUSBXHCI (USB Port limit patch #4 10.14.x modify by DalianSky(credits PMheart)) :: BinPatch :: [OS: 10.15 | MatchOS: 10.14.x | MatchBuild: All] ==> not allowed
11:077  0:000   - [07]: com.apple.iokit.IOUSBHostFamily (USB Port limit patch #1(credits PMheart)) :: BinPatch :: [OS: 10.15 | MatchOS: 10.15.x | MatchBuild: All] ==> allowed
11:077  0:000   - [08]: com.apple.driver.usb.AppleUSBXHCI (USB Port limit patch #2(credits PMheart)) :: BinPatch :: [OS: 10.15 | MatchOS: 10.15.x | MatchBuild: All] ==> allowed
11:077  0:000  Filtering KernelPatches:
11:077  0:000   - [00]: Disable panic kext logging on 10.13.x Release kernel :: [OS: 10.15 | MatchOS: 10.13.x | MatchBuild: no] ==> disabled by user
11:077  0:000   - [01]: Disable panic kext logging on 10.14.4+ Release kernel :: [OS: 10.15 | MatchOS: 10.14.x,10.15.x | MatchBuild: no] ==> disabled by user
11:077  0:000   - [02]: algrey - commpage_populate -remove rdmsr :: [OS: 10.15 | MatchOS: 10.13.x,10.14.x,10.15.x | MatchBuild: no] ==> allowed by OS
11:077  0:000   - [03]: algrey - cpu_topology_sort -disable _x86_validate_topology :: [OS: 10.15 | MatchOS: 10.13.x | MatchBuild: no] ==> not allowed by OS
11:077  0:000   - [04]: algrey - cpu_topology_sort -disable _x86_validate_topology (10.14.4+) :: [OS: 10.15 | MatchOS: 10.14.x | MatchBuild: no] ==> not allowed by OS
11:077  0:000   - [05]: xlnc - cpu_topology_sort -disable _x86_validate_topology :: [OS: 10.15 | MatchOS: 10.15.x | MatchBuild: no] ==> allowed by OS
11:077  0:000   - [06]: algrey - cpuid_set_cache_info - cpuid 0x8000001D instead 0 :: [OS: 10.15 | MatchOS: 10.13.6 | MatchBuild: 17G65,17G66] ==> not allowed by build
11:077  0:000   - [07]: algrey - cpuid_set_cache_info - cpuid 0x8000001D instead 0 :: [OS: 10.15 | MatchOS: 10.13.6 | MatchBuild: 17G8030,17G8037] ==> not allowed by build
11:077  0:000   - [08]: algrey - cpuid_set_cache_info - cpuid 0x8000001D instead 0 :: [OS: 10.15 | MatchOS: 10.14.6 | MatchBuild: no] ==> not allowed by OS
11:077  0:000   - [09]: xlnc - cpuid_set_cache_info - cpuid 0x8000001D instead 0 :: [OS: 10.15 | MatchOS: 10.14.6 | MatchBuild: 18G95,18G103] ==> not allowed by build
11:077  0:000   - [10]: xlnc - cpuid_set_cache_info - cpuid 0x8000001D instead 0 :: [OS: 10.15 | MatchOS: 10.15.0 | MatchBuild: no] ==> allowed by OS
11:077  0:000   - [11]: algrey - cpuid_set_cache_info - cpuid 0x8000001D instead 4 :: [OS: 10.15 | MatchOS: 10.13.x,10.14.x,10.15.x | MatchBuild: no] ==> allowed by OS
11:077  0:000   - [12]: algrey - cpuid_set_cache_info - don't set cpuid_cores_per_package :: [OS: 10.15 | MatchOS: 10.13.x,10.14.x | MatchBuild: no] ==> not allowed by OS
11:077  0:000   - [13]: xlnc - cpuid_set_cache_info - don't set cpuid_cores_per_package :: [OS: 10.15 | MatchOS: 10.15.x | MatchBuild: no] ==> allowed by OS
11:077  0:000   - [14]: xlnc - cpuid_set_cache_info - skip cpuid_cores_per_package test :: [OS: 10.15 | MatchOS: 10.15.x | MatchBuild: no] ==> allowed by OS
11:077  0:000   - [15]: algrey - cpuid_set_generic_info - remove wrmsr :: [OS: 10.15 | MatchOS: 10.13.x,10.14.x,10.15.x | MatchBuild: no] ==> allowed by OS
11:077  0:000   - [16]: algrey - cpuid_set_generic_info - set microcode=186 :: [OS: 10.15 | MatchOS: 10.13.x,10.14.x,10.15.x | MatchBuild: no] ==> allowed by OS
11:077  0:000   - [17]: algrey - cpuid_set_generic_info - set flag=1 :: [OS: 10.15 | MatchOS: 10.13.x,10.14.x,10.15.x | MatchBuild: no] ==> allowed by OS
11:077  0:000   - [18]: algrey - cpuid_set_generic_info - disable check to allow leaf7 :: [OS: 10.15 | MatchOS: 10.13.x,10.14.x,10.15.x | MatchBuild: no] ==> allowed by OS
11:077  0:000   - [19]: algrey - cpuid_set_info - GenuineIntel to AuthenticAMD  :: [OS: 10.15 | MatchOS: 10.13.x,10.14.x,10.15.x | MatchBuild: no] ==> allowed by OS
11:077  0:000   - [20]: algrey - cpuid_set_cpufamily - force CPUFAMILY_INTEL_PENRYN :: [OS: 10.15 | MatchOS: 10.13.6 | MatchBuild: 17G65,17G66] ==> not allowed by build
11:077  0:000   - [21]: algrey - cpuid_set_cpufamily - force CPUFAMILY_INTEL_PENRYN :: [OS: 10.15 | MatchOS: 10.13.6 | MatchBuild: 17G8030,17G8037] ==> not allowed by build
11:077  0:000   - [22]: algrey - cpuid_set_cpufamily - force CPUFAMILY_INTEL_PENRYN :: [OS: 10.15 | MatchOS: 10.14.6 | MatchBuild: no] ==> not allowed by OS
11:077  0:000   - [23]: xlnc - cpuid_set_cpufamily - force CPUFAMILY_INTEL_PENRYN :: [OS: 10.15 | MatchOS: 10.14.6 | MatchBuild: 18G95,18G103] ==> not allowed by build
11:077  0:000   - [24]: xlnc - cpuid_set_cpufamily - force CPUFAMILY_INTEL_PENRYN :: [OS: 10.15 | MatchOS: 10.15.0 | MatchBuild: no] ==> allowed by OS
11:077  0:000   - [25]: algrey - cpuid_set_info - ryzen cores and logicals count :: [OS: 10.15 | MatchOS: 10.13.6 | MatchBuild: 17G65,17G66] ==> not allowed by build
11:077  0:000   - [26]: algrey - cpuid_set_info - ryzen cores and logicals count :: [OS: 10.15 | MatchOS: 10.13.6 | MatchBuild: 17G8030,17G8037] ==> not allowed by build
11:077  0:000   - [27]: algrey - cpuid_set_info - ryzen cores and logicals count :: [OS: 10.15 | MatchOS: 10.14.6 | MatchBuild: no] ==> not allowed by OS
11:077  0:000   - [28]: xlnc - cpuid_set_info - ryzen cores and logicals count :: [OS: 10.15 | MatchOS: 10.14.6 | MatchBuild: 18G95,18G103] ==> not allowed by build
11:077  0:000   - [29]: xlnc - cpuid_set_info - jmp to calculations and set cpuid_cores_per_package :: [OS: 10.15 | MatchOS: 10.15.0 | MatchBuild: no] ==> allowed by OS
11:077  0:000   - [30]: xlnc - cpuid_set_info - cores and threads calculations :: [OS: 10.15 | MatchOS: 10.15.0 | MatchBuild: no] ==> allowed by OS
11:077  0:000   - [31]: algrey - i386_init - remove rdmsr (x3) :: [OS: 10.15 | MatchOS: 10.13.x,10.14.x,10.15.x | MatchBuild: no] ==> allowed by OS
11:077  0:000   - [32]: algrey - tsc_init - remove Penryn check to execute default case :: [OS: 10.15 | MatchOS: 10.13.6 | MatchBuild: no] ==> not allowed by OS
11:077  0:000   - [33]: algrey - tsc_init - remove Penryn check to execute default case :: [OS: 10.15 | MatchOS: 10.14.6 | MatchBuild: no] ==> not allowed by OS
11:077  0:000   - [34]: xlnc - tsc_init - remove Penryn check to execute default case :: [OS: 10.15 | MatchOS: 10.15.0 | MatchBuild: no] ==> allowed by OS
11:077  0:000   - [35]: algrey - tsc_init - grab DID and VID from MSR :: [OS: 10.15 | MatchOS: 10.13.6 | MatchBuild: 17G65,17G66] ==> not allowed by build
11:077  0:000   - [36]: algrey - tsc_init - grab DID and VID from MSR :: [OS: 10.15 | MatchOS: 10.13.6 | MatchBuild: 17G8030,17G8037] ==> not allowed by build
11:077  0:000   - [37]: algrey - tsc_init - grab DID and VID from MSR :: [OS: 10.15 | MatchOS: 10.14.6 | MatchBuild: no] ==> not allowed by OS
11:077  0:000   - [38]: xlnc - tsc_init - grab DID and VID from MSR :: [OS: 10.15 | MatchOS: 10.14.6 | MatchBuild: 18G95,18G103] ==> not allowed by build
11:077  0:000   - [39]: xlnc - tsc_init - grab DID and VID from MSR :: [OS: 10.15 | MatchOS: 10.15.0 | MatchBuild: no] ==> allowed by OS
11:077  0:000   - [40]: algrey - tsc_init - skip test and go get FSBFrequency :: [OS: 10.15 | MatchOS: 10.13.6 | MatchBuild: 17G65,17G66] ==> not allowed by build
11:077  0:000   - [41]: algrey - tsc_init - skip test and go get FSBFrequency :: [OS: 10.15 | MatchOS: 10.13.6 | MatchBuild: 17G8030,17G8037] ==> not allowed by build
11:077  0:000   - [42]: algrey - tsc_init - skip test and go get FSBFrequency :: [OS: 10.15 | MatchOS: 10.14.6 | MatchBuild: no] ==> not allowed by OS
11:077  0:000   - [43]: xlnc - tsc_init - skip test and go get FSBFrequency :: [OS: 10.15 | MatchOS: 10.14.6 | MatchBuild: 18G95,18G103] ==> not allowed by build
11:077  0:000   - [44]: xlnc - tsc_init - skip test and go get FSBFrequency :: [OS: 10.15 | MatchOS: 10.15.0 | MatchBuild: no] ==> allowed by OS
11:077  0:000   - [45]: algrey - lapic_init - remove version check and panic :: [OS: 10.15 | MatchOS: 10.13.x,10.14.x | MatchBuild: no] ==> not allowed by OS
11:077  0:000   - [46]: xlnc - lapic_init - remove version check and panic :: [OS: 10.15 | MatchOS: 10.15.x | MatchBuild: no] ==> allowed by OS
11:077  0:000   - [47]: algrey - lapic_interrupt - skip checks and prevent panic :: [OS: 10.15 | MatchOS: 10.13.6 | MatchBuild: 17G65,17G66] ==> not allowed by build
11:077  0:000   - [48]: algrey - lapic_interrupt - skip checks and prevent panic :: [OS: 10.15 | MatchOS: 10.13.6 | MatchBuild: 17G8030,17G8037] ==> not allowed by build
11:077  0:000   - [49]: algrey - lapic_interrupt - skip checks and prevent panic :: [OS: 10.15 | MatchOS: 10.14.6 | MatchBuild: no] ==> not allowed by OS
11:077  0:000   - [50]: xlnc - lapic_interrupt - skip checks and prevent panic :: [OS: 10.15 | MatchOS: 10.14.6 | MatchBuild: 18G95,18G103] ==> not allowed by build
11:077  0:000   - [51]: xlnc - lapic_interrupt - skip checks and prevent panic :: [OS: 10.15 | MatchOS: 10.15.0 | MatchBuild: no] ==> allowed by OS
11:077  0:000   - [52]: algrey - mtrr_update_action - fix PAT :: [OS: 10.15 | MatchOS: 10.13.x | MatchBuild: no] ==> not allowed by OS
11:077  0:000   - [53]: algrey - mtrr_update_action - fix PAT (x2) (10.14.4+) :: [OS: 10.15 | MatchOS: 10.14.x,10.15.x | MatchBuild: no] ==> allowed by OS
11:077  0:000  Will not patch boot.efi
11:077  0:000  === [ PatchSmbios ] =======================================
11:077  0:000  insert table 9 for dev 0:0
11:077  0:000  insert table 9 for dev 0:1
11:077  0:000  insert table 9 for dev 0:0
11:077  0:000  insert table 9 for dev 0:0
11:077  0:000  Table 11 present, but rewritten for us
11:078  0:000  Trusting SMBIOS...
11:078  0:000  Detected alternating SMBIOS channel banks
11:078  0:000  Channels: 4
11:078  0:000  Interleave: 0 2 4 6 1 3 5 7 8 10 12 14 9 11 13 15 16 18 20 22 17 19 21 23
11:078  0:000   partNum=CMW32GX4M2C3200C16  
11:078  0:000  SMBIOS Type 17 Index = 0 => 0 0:
11:078  0:000  BANK 0 DIMM0 2133MHz 16384MB
11:078  0:000   partNum=CMW32GX4M2C3200C16  
11:078  0:000  SMBIOS Type 17 Index = 1 => 1 2:
11:078  0:000  BANK 1 DIMM0 2133MHz 16384MB
11:078  0:000   partNum=CMW32GX4M2C3200C16  
11:078  0:000  SMBIOS Type 17 Index = 2 => 2 4:
11:078  0:000  BANK 2 DIMM0 2133MHz 16384MB
11:078  0:000   partNum=CMW32GX4M2C3200C16  
11:078  0:000  SMBIOS Type 17 Index = 3 => 3 6:
11:078  0:000  BANK 3 DIMM0 2133MHz 16384MB
11:078  0:000  mTotalSystemMemory = 65536
11:078  0:000  NumberOfMemoryDevices = 4
11:078  0:000  === [ PatchACPI ] =========================================
11:078  0:000  Xsdt reallocation done
11:078  0:000  old FADT length=114
11:078  0:000   SignatureFixup: 0x17719514 -> 0x0
11:078  0:000  Found OperationRegion(GSMM, SystemMemory, FED80000, ...)
11:078  0:000  Found OperationRegion(IOMX, SystemMemory, FED80D00, ...)
11:078  0:000  Found OperationRegion(FACR, SystemMemory, FED81E00, ...)
11:078  0:000  Found OperationRegion(EMMX, SystemMemory, FEDD5800, ...)
11:078  0:000  Found OperationRegion(EMMB, SystemMemory, FEDD5800, ...)
11:078  0:000  Found OperationRegion(LUIE, SystemMemory, FEDC0020, ...)
11:078  0:000  Found OperationRegion(TMMB, SystemMemory, FED40000, ...)
11:078  0:000  Found OperationRegion(CRBD, SystemMemory, FED40000, ...)
11:078  0:000  Found OperationRegion(TPMR, SystemMemory, FFFFFFFF, ...)
11:078  0:000  Found OperationRegion(ATNV, SystemMemory, FFFF0000, ...)
11:078  0:000  Found OperationRegion(RAMX, SystemMemory, D9C6D018, ...)
11:078  0:000  Found OperationRegion(RAMW, SystemMemory, DA0B5018, ...)
11:078  0:000  Found OperationRegion(RAMX, SystemMemory, DA0C7D18, ...)
11:078  0:000  Found OperationRegion(PGP_, SystemMemory, FEC30000, ...)
11:078  0:000  Found OperationRegion(AGP_, SystemMemory, FED81684, ...)
11:078  0:000  Found OperationRegion(HWM_, SystemMemory, F7000000, ...)
11:079  0:000  Apply DsdtFixMask=0x10000000
11:079  0:000     drop _DSM mask=0xFFFF
11:079  0:000  === [ FixBiosDsdt ] =======================================
11:079  0:000  Patching DSDT:
11:079  0:000   - [PNP0C09 to PNPFFFF]: pattern 41D00C09, patched at: [ (4C4B) ]
11:079  0:000    0 replacements
11:080  0:000    indirect name=TPMM
11:080  0:000    indirect name=FTPM
11:080  0:000    indirect name=PPIM
11:080  0:000    indirect name=RAMA
11:080  0:000  OperationRegion (RAMX...) corrected from 0xD9C6D018 to addr=0xDA0C7D18
11:080  0:000    indirect name=RAMB
11:080  0:000    indirect name=RAMS
11:080  0:000    indirect name=NBTP
11:080  0:000    indirect name=HWMM
11:080  0:000  PreCleanup XSDT: count=18, length=180
11:080  0:000  PreCleanup XSDT, corrected XSDT: count=18, length=180
11:080  0:000  === [ ACPIDropTables ] ====================================
11:080  0:000  Patching SSDT CPUSSDT Length=252
11:080  0:000  0. [PNP0C09 to PNPFFFF]: pattern 41D00C09, bin not found / already patched!
11:080  0:000    0 replacements
11:080  0:000  Patching SSDT AMD PT Length=191
11:080  0:000  0. [PNP0C09 to PNPFFFF]: pattern 41D00C09, bin not found / already patched!
11:080  0:000    0 replacements
11:080  0:000  Patching SSDT AMD ALIB Length=35992
11:080  0:000  0. [PNP0C09 to PNPFFFF]: pattern 41D00C09, bin not found / already patched!
11:080  0:000    0 replacements
11:080  0:000  Found OperationRegion(A093, SystemMemory, F8000000, ...)
11:080  0:000  Patching SSDT AMD AOD Length=11697
11:080  0:000  0. [PNP0C09 to PNPFFFF]: pattern 41D00C09, bin not found / already patched!
11:080  0:000    0 replacements
11:080  0:000  Found OperationRegion(AODT, SystemMemory, DA172698, ...)
11:080  0:000  Patching SSDT FCHZP Length=36
11:080  0:000  0. [PNP0C09 to PNPFFFF]: pattern 41D00C09, the patch is too large!
11:080  0:000    0 replacements
11:080  0:000  Patching SSDT AMD CPU Length=8980
11:080  0:000  0. [PNP0C09 to PNPFFFF]: pattern 41D00C09, bin not found / already patched!
11:080  0:000    0 replacements
11:080  0:000  Patching SSDT AmdTable Length=7364
11:080  0:000  0. [PNP0C09 to PNPFFFF]: pattern 41D00C09, bin not found / already patched!
11:080  0:000    0 replacements
11:080  0:000  Found OperationRegion(CPNV, SystemMemory, DA161018, ...)
11:080  0:000  ApicCPUNum=16
11:080  0:000  Cleanup XSDT: count=18, length=180
11:080  0:000  corrected XSDT count=18, length=180
11:080  0:000  === [ RestSetup macOS ] ===================================
11:080  0:000  EdidDiscovered size=128
11:080  0:000  --- Discovered EDID Table size:128
11:080  0:000  000  |  00  FF  FF  FF  FF  FF  FF  00  4C  2D
11:081  0:000  010  |  35  0D  30  43  50  30  17  1C  01  04
11:081  0:000  020  |  A5  46  27  78  3A  64  A5  A4  54  4D
11:081  0:000  030  |  9A  26  0F  50  54  23  08  00  B3  00
11:081  0:000  040  |  81  C0  81  00  81  80  95  00  A9  C0
11:081  0:000  050  |  01  01  01  01  02  3A  80  18  71  38
11:081  0:000  060  |  2D  40  58  2C  45  00  BA  89  21  00
11:081  0:000  070  |  00  1E  00  00  00  FD  00  38  3C  1E
11:081  0:000  080  |  51  11  00  0A  20  20  20  20  20  20
11:081  0:000  090  |  00  00  00  FC  00  43  33  32  46  33
11:081  0:000  100  |  39  31  0A  20  20  20  20  20  00  00
11:081  0:000  110  |  00  FF  00  48  54  4F  4B  36  30  31
11:081  0:000  120  |  37  36  37  0A  20  20  01  1C
11:081  0:000  ATI injection not set
11:081  0:000   setting specified layout-id=1 (0x1)
11:081  0:000   RCBA disabled; cannot use it
11:081  0:000  stringlength = 2014
11:081  0:000  CurrentMode: Width=1920 Height=1080
11:081  0:000  Beginning FSInjection
11:081  0:000   - ERROR: gFSInjectProtocolGuid not found!
11:088  0:007  Use origin smbios table type 1 guid.
11:090  0:001  Preparing kexts injection for arch=x86_64 from EFI\CLOVER\kexts\Other
11:090  0:000  Extra kext: EFI\CLOVER\kexts\Other\AppleMCEReporterDisabler.kext (v.1.2)
11:092  0:002  Extra kext: EFI\CLOVER\kexts\Other\FakeSMC.kext (v.3.5.3)
11:097  0:005  Extra kext: EFI\CLOVER\kexts\Other\NullCPUPowerManagement.kext (v.1.0.0d2)
11:102  0:004  Extra kext: EFI\CLOVER\kexts\Other\RealtekRTL8111.kext (v.2.3.0d7)
11:107  0:005  Extra kext: EFI\CLOVER\kexts\Other\WhateverGreen.kext (v.1.3.3)
11:114  0:007  Extra kext: EFI\CLOVER\kexts\Other\IntelMausi.kext (v.1.0.1)
11:119  0:004  Extra kext: EFI\CLOVER\kexts\Other\AtherosE2200Ethernet.kext (v.2.3.0)
11:124  0:005  Extra kext: EFI\CLOVER\kexts\Other\AppleALC.kext (v.1.4.2)
11:510  0:386  Extra kext: EFI\CLOVER\kexts\Other\Lilu.kext (v.1.3.8)
11:519  0:008  SetStartupDiskVolume:
11:519  0:000    * Volume: 'MacOS'
11:519  0:000    * LoaderPath: '<null string>'
11:519  0:000    * DevPath: MacOS
11:519  0:000    * GUID = D4F2EB22-CED5-497D-9C1D-D28053B8B27D
11:520  0:000    * efi-boot-device: <array><dict><key>IOMatch</key><dict><key>IOProviderClass</key><string>IOMedia</string><key>IOPropertyMatch</key><dict><key>UUID</key><string>D4F2EB22-CED5-497D-9C1D-D28053B8B27D</string></dict></dict></dict></array>
11:520  0:000  Custom boot screen not used because entry has unset use graphics
11:522  0:001  Closing log
